192.168.129.9
r0 master: c0903a-s23.ufhpc
r0 Launching python script
[2024-07-10 15:12:19,828] [INFO] [real_accelerator.py:203:get_accelerator] Setting ds_accelerator to cuda (auto detect)
[2024-07-10 15:12:19,828] [INFO] [real_accelerator.py:203:get_accelerator] Setting ds_accelerator to cuda (auto detect)
[2024-07-10 15:12:19,828] [INFO] [real_accelerator.py:203:get_accelerator] Setting ds_accelerator to cuda (auto detect)
[2024-07-10 15:12:19,828] [INFO] [real_accelerator.py:203:get_accelerator] Setting ds_accelerator to cuda (auto detect)
[2024-07-10 15:12:19,828] [INFO] [real_accelerator.py:203:get_accelerator] Setting ds_accelerator to cuda (auto detect)
[2024-07-10 15:12:19,828] [INFO] [real_accelerator.py:203:get_accelerator] Setting ds_accelerator to cuda (auto detect)
[2024-07-10 15:12:19,829] [INFO] [real_accelerator.py:203:get_accelerator] Setting ds_accelerator to cuda (auto detect)
[2024-07-10 15:12:19,829] [INFO] [real_accelerator.py:203:get_accelerator] Setting ds_accelerator to cuda (auto detect)
Warning: The default cache directory for DeepSpeed Triton autotune, /home/hityangsir/.triton/autotune, appears to be on an NFS system. While this is generally acceptable, if you experience slowdowns or hanging when DeepSpeed exits, it is recommended to set the TRITON_CACHE_DIR environment variable to a non-NFS path.
Warning: The default cache directory for DeepSpeed Triton autotune, /home/hityangsir/.triton/autotune, appears to be on an NFS system. While this is generally acceptable, if you experience slowdowns or hanging when DeepSpeed exits, it is recommended to set the TRITON_CACHE_DIR environment variable to a non-NFS path.
Warning: The default cache directory for DeepSpeed Triton autotune, /home/hityangsir/.triton/autotune, appears to be on an NFS system. While this is generally acceptable, if you experience slowdowns or hanging when DeepSpeed exits, it is recommended to set the TRITON_CACHE_DIR environment variable to a non-NFS path.Warning: The default cache directory for DeepSpeed Triton autotune, /home/hityangsir/.triton/autotune, appears to be on an NFS system. While this is generally acceptable, if you experience slowdowns or hanging when DeepSpeed exits, it is recommended to set the TRITON_CACHE_DIR environment variable to a non-NFS path.
Warning: The default cache directory for DeepSpeed Triton autotune, /home/hityangsir/.triton/autotune, appears to be on an NFS system. While this is generally acceptable, if you experience slowdowns or hanging when DeepSpeed exits, it is recommended to set the TRITON_CACHE_DIR environment variable to a non-NFS path.Warning: The default cache directory for DeepSpeed Triton autotune, /home/hityangsir/.triton/autotune, appears to be on an NFS system. While this is generally acceptable, if you experience slowdowns or hanging when DeepSpeed exits, it is recommended to set the TRITON_CACHE_DIR environment variable to a non-NFS path.Warning: The default cache directory for DeepSpeed Triton autotune, /home/hityangsir/.triton/autotune, appears to be on an NFS system. While this is generally acceptable, if you experience slowdowns or hanging when DeepSpeed exits, it is recommended to set the TRITON_CACHE_DIR environment variable to a non-NFS path.Warning: The default cache directory for DeepSpeed Triton autotune, /home/hityangsir/.triton/autotune, appears to be on an NFS system. While this is generally acceptable, if you experience slowdowns or hanging when DeepSpeed exits, it is recommended to set the TRITON_CACHE_DIR environment variable to a non-NFS path.




[93m [WARNING] [0m async_io requires the dev libaio .so object and headers but these were not found.
[93m [WARNING] [0m async_io requires the dev libaio .so object and headers but these were not found.[93m [WARNING] [0m async_io requires the dev libaio .so object and headers but these were not found.

[93m [WARNING] [0m async_io requires the dev libaio .so object and headers but these were not found.[93m [WARNING] [0m async_io requires the dev libaio .so object and headers but these were not found.
[93m [WARNING] [0m async_io requires the dev libaio .so object and headers but these were not found.
[93m [WARNING] [0m async_io requires the dev libaio .so object and headers but these were not found.[93m [WARNING] [0m async_io requires the dev libaio .so object and headers but these were not found.


[93m [WARNING] [0m async_io: please install the libaio-devel package with yum
[93m [WARNING] [0m If libaio is already installed (perhaps from source), try setting the CFLAGS and LDFLAGS environment variables to where it can be found.[93m [WARNING] [0m async_io: please install the libaio-devel package with yum

[93m [WARNING] [0m Please specify the CUTLASS repo directory as environment variable $CUTLASS_PATH
[93m [WARNING] [0m If libaio is already installed (perhaps from source), try setting the CFLAGS and LDFLAGS environment variables to where it can be found.
[93m [WARNING] [0m async_io: please install the libaio-devel package with yum[93m [WARNING] [0m Please specify the CUTLASS repo directory as environment variable $CUTLASS_PATH

[93m [WARNING] [0m async_io: please install the libaio-devel package with yum[93m [WARNING] [0m async_io: please install the libaio-devel package with yum[93m [WARNING] [0m async_io: please install the libaio-devel package with yum
[93m [WARNING] [0m async_io: please install the libaio-devel package with yum[93m [WARNING] [0m async_io: please install the libaio-devel package with yum[93m [WARNING] [0m If libaio is already installed (perhaps from source), try setting the CFLAGS and LDFLAGS environment variables to where it can be found.


[93m [WARNING] [0m If libaio is already installed (perhaps from source), try setting the CFLAGS and LDFLAGS environment variables to where it can be found.


[93m [WARNING] [0m If libaio is already installed (perhaps from source), try setting the CFLAGS and LDFLAGS environment variables to where it can be found.[93m [WARNING] [0m Please specify the CUTLASS repo directory as environment variable $CUTLASS_PATH[93m [WARNING] [0m Please specify the CUTLASS repo directory as environment variable $CUTLASS_PATH
[93m [WARNING] [0m If libaio is already installed (perhaps from source), try setting the CFLAGS and LDFLAGS environment variables to where it can be found.
[93m [WARNING] [0m If libaio is already installed (perhaps from source), try setting the CFLAGS and LDFLAGS environment variables to where it can be found.[93m [WARNING] [0m If libaio is already installed (perhaps from source), try setting the CFLAGS and LDFLAGS environment variables to where it can be found.

[93m [WARNING] [0m Please specify the CUTLASS repo directory as environment variable $CUTLASS_PATH


[93m [WARNING] [0m Please specify the CUTLASS repo directory as environment variable $CUTLASS_PATH
[93m [WARNING] [0m Please specify the CUTLASS repo directory as environment variable $CUTLASS_PATH[93m [WARNING] [0m Please specify the CUTLASS repo directory as environment variable $CUTLASS_PATH

[93m [WARNING] [0m sparse_attn requires a torch version >= 1.5 and < 2.0 but detected 2.1[93m [WARNING] [0m sparse_attn requires a torch version >= 1.5 and < 2.0 but detected 2.1

[93m [WARNING] [0m sparse_attn requires a torch version >= 1.5 and < 2.0 but detected 2.1[93m [WARNING] [0m using untested triton version (2.1.0), only 1.0.0 is known to be compatible
[93m [WARNING] [0m using untested triton version (2.1.0), only 1.0.0 is known to be compatible

[93m [WARNING] [0m using untested triton version (2.1.0), only 1.0.0 is known to be compatible
[93m [WARNING] [0m sparse_attn requires a torch version >= 1.5 and < 2.0 but detected 2.1[93m [WARNING] [0m sparse_attn requires a torch version >= 1.5 and < 2.0 but detected 2.1

[93m [WARNING] [0m using untested triton version (2.1.0), only 1.0.0 is known to be compatible
[93m [WARNING] [0m using untested triton version (2.1.0), only 1.0.0 is known to be compatible
[93m [WARNING] [0m sparse_attn requires a torch version >= 1.5 and < 2.0 but detected 2.1
[93m [WARNING] [0m using untested triton version (2.1.0), only 1.0.0 is known to be compatible
[93m [WARNING] [0m sparse_attn requires a torch version >= 1.5 and < 2.0 but detected 2.1
[93m [WARNING] [0m using untested triton version (2.1.0), only 1.0.0 is known to be compatible
[93m [WARNING] [0m sparse_attn requires a torch version >= 1.5 and < 2.0 but detected 2.1
[93m [WARNING] [0m using untested triton version (2.1.0), only 1.0.0 is known to be compatible
dict_keys(['train', 'validation', 'test'])dict_keys(['train', 'validation', 'test'])dict_keys(['train', 'validation', 'test'])dict_keys(['train', 'validation', 'test'])dict_keys(['train', 'validation', 'test'])
dict_keys(['train', 'validation', 'test'])



Size of train dataset: 
Size of train dataset: Size of train dataset: Size of train dataset: Size of train dataset:  Size of train dataset:  dict_keys(['train', 'validation', 'test'])   (157252, 3) dict_keys(['train', 'validation', 'test'])(157252, 3)
(157252, 3)(157252, 3)(157252, 3)
(157252, 3)

Size of train dataset: 


Size of Validation dataset: 
Size of train dataset: Size of Validation dataset:  Size of Validation dataset: Size of Validation dataset: Size of Validation dataset:  Size of Validation dataset:   (157252, 3)   (5599, 3) (157252, 3)(5599, 3)
(5599, 3)(5599, 3)(5599, 3)
(5599, 3)

Size of Validation dataset: 



Size of Validation dataset:   (5599, 3)(5599, 3)

bFloat16 enabled for mixed precision - using bfSixteen policy
--> current date and time of run = 2024-07-10-03:13:20_PM
Train Epoch: 	1, Loss: 	0.4348
Validation Loss: 0.3252
--> epoch 1 completed...entering save and stats zone
-->>>> New Val Loss Record: 0.3252319395542145
Train Epoch: 	2, Loss: 	0.2730
Validation Loss: 0.3133
--> epoch 2 completed...entering save and stats zone
-->>>> New Val Loss Record: 0.3132568299770355
