Head Node IP: 172.16.205.1
NODE: 0 c1006a-s11, 172.16.205.1, Launching python script
SLURM_PROCID=0 on c1006a-s11.ufhpc :
ngpus_per_node=2, args.world_size=2
Use GPU: 1 for training
init_process_group on rank 1, tcp://172.16.205.1:23458
=> creating model 'resnet50'
Use GPU: 0 for training
init_process_group on rank 0, tcp://172.16.205.1:23458
=> creating model 'resnet50'
Epoch: [0][   1/5005]	Time 10.243 (10.243)	Data  5.338 ( 5.338)	Loss 7.2206e+00 (7.2206e+00)	Acc@1   0.00 (  0.00)	Acc@5   0.00 (  0.00)
Epoch: [0][  11/5005]	Time  0.888 ( 1.303)	Data  0.244 ( 0.683)	Loss 8.1660e+00 (8.1910e+00)	Acc@1   0.78 (  0.07)	Acc@5   0.78 (  0.71)
Epoch: [0][  21/5005]	Time  0.529 ( 0.976)	Data  0.000 ( 0.420)	Loss 8.3512e+00 (8.2509e+00)	Acc@1   0.78 (  0.15)	Acc@5   1.56 (  0.74)
Epoch: [0][  31/5005]	Time  0.450 ( 0.874)	Data  0.000 ( 0.384)	Loss 7.2042e+00 (7.9794e+00)	Acc@1   0.00 (  0.15)	Acc@5   0.00 (  0.71)
Epoch: [0][  41/5005]	Time  0.707 ( 0.824)	Data  0.171 ( 0.326)	Loss 6.9406e+00 (7.7695e+00)	Acc@1   0.78 (  0.17)	Acc@5   2.34 (  0.71)
Epoch: [0][  51/5005]	Time  1.303 ( 0.799)	Data  0.071 ( 0.309)	Loss 6.9517e+00 (7.6342e+00)	Acc@1   0.00 (  0.14)	Acc@5   0.00 (  0.61)
Epoch: [0][  61/5005]	Time  0.830 ( 0.768)	Data  0.123 ( 0.268)	Loss 6.9426e+00 (7.5208e+00)	Acc@1   0.00 (  0.12)	Acc@5   0.00 (  0.51)
Epoch: [0][  71/5005]	Time  0.821 ( 0.743)	Data  0.161 ( 0.241)	Loss 7.0270e+00 (7.4727e+00)	Acc@1   0.00 (  0.10)	Acc@5   0.00 (  0.48)
Epoch: [0][  81/5005]	Time  1.478 ( 0.741)	Data  0.000 ( 0.216)	Loss 7.0402e+00 (7.4074e+00)	Acc@1   0.00 (  0.10)	Acc@5   1.56 (  0.47)
Epoch: [0][  91/5005]	Time  0.754 ( 0.722)	Data  0.000 ( 0.193)	Loss 6.8605e+00 (7.3540e+00)	Acc@1   0.78 (  0.11)	Acc@5   0.78 (  0.48)
Epoch: [0][ 101/5005]	Time  0.494 ( 0.699)	Data  0.000 ( 0.186)	Loss 6.9035e+00 (7.3098e+00)	Acc@1   0.00 (  0.12)	Acc@5   0.78 (  0.50)
Epoch: [0][ 111/5005]	Time  0.656 ( 0.706)	Data  0.000 ( 0.173)	Loss 6.8901e+00 (7.2745e+00)	Acc@1   0.00 (  0.12)	Acc@5   0.78 (  0.53)
Epoch: [0][ 121/5005]	Time  0.761 ( 0.694)	Data  0.000 ( 0.161)	Loss 6.9018e+00 (7.2436e+00)	Acc@1   0.78 (  0.13)	Acc@5   0.78 (  0.56)
Epoch: [0][ 131/5005]	Time  1.016 ( 0.690)	Data  0.679 ( 0.160)	Loss 6.9113e+00 (7.2176e+00)	Acc@1   0.78 (  0.14)	Acc@5   0.78 (  0.56)
Epoch: [0][ 141/5005]	Time  0.763 ( 0.692)	Data  0.013 ( 0.163)	Loss 6.9765e+00 (7.1957e+00)	Acc@1   0.00 (  0.16)	Acc@5   0.00 (  0.59)
Epoch: [0][ 151/5005]	Time  0.144 ( 0.693)	Data  0.000 ( 0.178)	Loss 6.8598e+00 (7.1769e+00)	Acc@1   0.00 (  0.14)	Acc@5   1.56 (  0.59)
Epoch: [0][ 161/5005]	Time  0.144 ( 0.696)	Data  0.000 ( 0.196)	Loss 6.8808e+00 (7.1599e+00)	Acc@1   3.12 (  0.16)	Acc@5   4.69 (  0.62)
Epoch: [0][ 171/5005]	Time  0.144 ( 0.696)	Data  0.000 ( 0.209)	Loss 6.8984e+00 (7.1451e+00)	Acc@1   0.00 (  0.15)	Acc@5   0.78 (  0.60)
Epoch: [0][ 181/5005]	Time  0.144 ( 0.694)	Data  0.000 ( 0.213)	Loss 6.8939e+00 (7.1319e+00)	Acc@1   0.00 (  0.15)	Acc@5   0.78 (  0.61)
Epoch: [0][ 191/5005]	Time  0.144 ( 0.697)	Data  0.000 ( 0.219)	Loss 6.8910e+00 (7.1195e+00)	Acc@1   0.00 (  0.16)	Acc@5   0.00 (  0.62)
Epoch: [0][ 201/5005]	Time  0.143 ( 0.703)	Data  0.000 ( 0.217)	Loss 6.9078e+00 (7.1082e+00)	Acc@1   0.00 (  0.15)	Acc@5   0.78 (  0.64)
Epoch: [0][ 211/5005]	Time  0.144 ( 0.697)	Data  0.000 ( 0.218)	Loss 6.9020e+00 (7.0982e+00)	Acc@1   0.00 (  0.16)	Acc@5   0.78 (  0.65)
Epoch: [0][ 221/5005]	Time  0.146 ( 0.693)	Data  0.000 ( 0.215)	Loss 6.9148e+00 (7.0892e+00)	Acc@1   0.00 (  0.16)	Acc@5   0.00 (  0.66)
Epoch: [0][ 231/5005]	Time  1.387 ( 0.701)	Data  1.289 ( 0.223)	Loss 6.9097e+00 (7.0810e+00)	Acc@1   0.00 (  0.16)	Acc@5   0.00 (  0.66)
Epoch: [0][ 241/5005]	Time  0.143 ( 0.703)	Data  0.000 ( 0.231)	Loss 6.8989e+00 (7.0735e+00)	Acc@1   0.00 (  0.16)	Acc@5   1.56 (  0.67)
Epoch: [0][ 251/5005]	Time  0.248 ( 0.707)	Data  0.149 ( 0.229)	Loss 6.9062e+00 (7.0662e+00)	Acc@1   0.00 (  0.15)	Acc@5   0.78 (  0.67)
Epoch: [0][ 261/5005]	Time  0.214 ( 0.705)	Data  0.115 ( 0.230)	Loss 6.8767e+00 (7.0598e+00)	Acc@1   0.78 (  0.16)	Acc@5   0.78 (  0.67)
Epoch: [0][ 271/5005]	Time  0.563 ( 0.709)	Data  0.000 ( 0.234)	Loss 6.8989e+00 (7.0533e+00)	Acc@1   0.00 (  0.15)	Acc@5   0.00 (  0.68)
Epoch: [0][ 281/5005]	Time  0.495 ( 0.709)	Data  0.000 ( 0.230)	Loss 6.8685e+00 (7.0475e+00)	Acc@1   0.78 (  0.16)	Acc@5   1.56 (  0.69)
Epoch: [0][ 291/5005]	Time  0.144 ( 0.710)	Data  0.000 ( 0.226)	Loss 6.9014e+00 (7.0424e+00)	Acc@1   0.00 (  0.15)	Acc@5   0.78 (  0.69)
Epoch: [0][ 301/5005]	Time  0.390 ( 0.706)	Data  0.291 ( 0.226)	Loss 6.8720e+00 (7.0373e+00)	Acc@1   0.00 (  0.15)	Acc@5   1.56 (  0.69)
Epoch: [0][ 311/5005]	Time  0.340 ( 0.712)	Data  0.000 ( 0.227)	Loss 6.8250e+00 (7.0323e+00)	Acc@1   0.78 (  0.15)	Acc@5   2.34 (  0.70)
Epoch: [0][ 321/5005]	Time  0.758 ( 0.713)	Data  0.000 ( 0.223)	Loss 6.9013e+00 (7.0279e+00)	Acc@1   0.78 (  0.16)	Acc@5   1.56 (  0.70)
Epoch: [0][ 331/5005]	Time  0.677 ( 0.715)	Data  0.000 ( 0.219)	Loss 6.8578e+00 (7.0231e+00)	Acc@1   0.00 (  0.16)	Acc@5   1.56 (  0.72)
Epoch: [0][ 341/5005]	Time  0.239 ( 0.716)	Data  0.000 ( 0.226)	Loss 6.8447e+00 (7.0193e+00)	Acc@1   0.78 (  0.16)	Acc@5   3.12 (  0.73)
Epoch: [0][ 351/5005]	Time  1.046 ( 0.716)	Data  0.316 ( 0.231)	Loss 6.9002e+00 (7.0152e+00)	Acc@1   0.00 (  0.16)	Acc@5   1.56 (  0.74)
Epoch: [0][ 361/5005]	Time  0.930 ( 0.715)	Data  0.842 ( 0.238)	Loss 6.8762e+00 (7.0116e+00)	Acc@1   0.00 (  0.16)	Acc@5   0.78 (  0.75)
Epoch: [0][ 371/5005]	Time  0.688 ( 0.712)	Data  0.600 ( 0.246)	Loss 6.8499e+00 (7.0081e+00)	Acc@1   0.00 (  0.16)	Acc@5   1.56 (  0.76)
Epoch: [0][ 381/5005]	Time  0.146 ( 0.710)	Data  0.058 ( 0.253)	Loss 6.9182e+00 (7.0047e+00)	Acc@1   1.56 (  0.17)	Acc@5   1.56 (  0.78)
Epoch: [0][ 391/5005]	Time  2.051 ( 0.713)	Data  1.952 ( 0.265)	Loss 6.8406e+00 (7.0010e+00)	Acc@1   0.00 (  0.17)	Acc@5   2.34 (  0.79)
Epoch: [0][ 401/5005]	Time  2.211 ( 0.714)	Data  2.114 ( 0.276)	Loss 6.8484e+00 (6.9973e+00)	Acc@1   0.00 (  0.18)	Acc@5   0.00 (  0.81)
Epoch: [0][ 411/5005]	Time  1.417 ( 0.716)	Data  1.330 ( 0.285)	Loss 6.8665e+00 (6.9942e+00)	Acc@1   0.00 (  0.18)	Acc@5   0.78 (  0.82)
Epoch: [0][ 421/5005]	Time  0.135 ( 0.719)	Data  0.033 ( 0.296)	Loss 6.8592e+00 (6.9911e+00)	Acc@1   0.00 (  0.18)	Acc@5   0.00 (  0.82)
Epoch: [0][ 431/5005]	Time  0.860 ( 0.720)	Data  0.772 ( 0.305)	Loss 6.8568e+00 (6.9876e+00)	Acc@1   0.00 (  0.18)	Acc@5   1.56 (  0.84)
Epoch: [0][ 441/5005]	Time  0.561 ( 0.719)	Data  0.474 ( 0.311)	Loss 6.8195e+00 (6.9841e+00)	Acc@1   0.78 (  0.19)	Acc@5   1.56 (  0.85)
Epoch: [0][ 451/5005]	Time  1.421 ( 0.720)	Data  1.333 ( 0.319)	Loss 6.8452e+00 (6.9807e+00)	Acc@1   0.00 (  0.20)	Acc@5   2.34 (  0.86)
Epoch: [0][ 461/5005]	Time  1.085 ( 0.720)	Data  0.998 ( 0.325)	Loss 6.8356e+00 (6.9775e+00)	Acc@1   0.00 (  0.19)	Acc@5   0.00 (  0.87)
Epoch: [0][ 471/5005]	Time  0.984 ( 0.721)	Data  0.897 ( 0.332)	Loss 6.8770e+00 (6.9744e+00)	Acc@1   0.78 (  0.20)	Acc@5   0.78 (  0.88)
Epoch: [0][ 481/5005]	Time  1.177 ( 0.723)	Data  1.090 ( 0.340)	Loss 6.7592e+00 (6.9712e+00)	Acc@1   0.78 (  0.21)	Acc@5   3.12 (  0.91)
Epoch: [0][ 491/5005]	Time  1.535 ( 0.726)	Data  1.445 ( 0.349)	Loss 6.7298e+00 (6.9677e+00)	Acc@1   0.00 (  0.21)	Acc@5   0.00 (  0.92)
Epoch: [0][ 501/5005]	Time  0.696 ( 0.723)	Data  0.609 ( 0.352)	Loss 6.8086e+00 (6.9647e+00)	Acc@1   0.00 (  0.21)	Acc@5   0.78 (  0.94)
Epoch: [0][ 511/5005]	Time  1.314 ( 0.725)	Data  1.226 ( 0.359)	Loss 6.7843e+00 (6.9617e+00)	Acc@1   0.00 (  0.21)	Acc@5   0.78 (  0.95)
Epoch: [0][ 521/5005]	Time  1.856 ( 0.728)	Data  1.760 ( 0.367)	Loss 6.7662e+00 (6.9583e+00)	Acc@1   0.78 (  0.21)	Acc@5   1.56 (  0.96)
Epoch: [0][ 531/5005]	Time  1.271 ( 0.731)	Data  1.184 ( 0.374)	Loss 6.7158e+00 (6.9547e+00)	Acc@1   0.78 (  0.22)	Acc@5   2.34 (  0.98)
Epoch: [0][ 541/5005]	Time  1.836 ( 0.732)	Data  1.748 ( 0.380)	Loss 6.7011e+00 (6.9509e+00)	Acc@1   0.78 (  0.23)	Acc@5   3.12 (  1.00)
Epoch: [0][ 551/5005]	Time  0.783 ( 0.727)	Data  0.695 ( 0.380)	Loss 6.6228e+00 (6.9472e+00)	Acc@1   1.56 (  0.23)	Acc@5   5.47 (  1.03)
Epoch: [0][ 561/5005]	Time  0.837 ( 0.725)	Data  0.723 ( 0.382)	Loss 6.7630e+00 (6.9434e+00)	Acc@1   0.78 (  0.24)	Acc@5   0.78 (  1.05)
Epoch: [0][ 571/5005]	Time  3.231 ( 0.729)	Data  3.143 ( 0.388)	Loss 6.7223e+00 (6.9389e+00)	Acc@1   0.78 (  0.25)	Acc@5   2.34 (  1.08)
Epoch: [0][ 581/5005]	Time  0.871 ( 0.727)	Data  0.783 ( 0.390)	Loss 6.6355e+00 (6.9350e+00)	Acc@1   0.00 (  0.25)	Acc@5   0.00 (  1.09)
Epoch: [0][   1/5005]	Time 10.244 (10.244)	Data  5.446 ( 5.446)	Loss 7.0065e+00 (7.0065e+00)	Acc@1   0.00 (  0.00)	Acc@5   0.78 (  0.78)
Epoch: [0][  11/5005]	Time  0.349 ( 1.322)	Data  0.261 ( 0.785)	Loss 8.0605e+00 (7.8921e+00)	Acc@1   0.78 (  0.14)	Acc@5   1.56 (  0.43)
Epoch: [0][  21/5005]	Time  0.685 ( 1.002)	Data  0.597 ( 0.672)	Loss 7.4122e+00 (7.9238e+00)	Acc@1   0.00 (  0.11)	Acc@5   0.00 (  0.41)
Epoch: [0][  31/5005]	Time  0.135 ( 0.874)	Data  0.000 ( 0.618)	Loss 7.1489e+00 (7.7354e+00)	Acc@1   0.00 (  0.10)	Acc@5   0.00 (  0.30)
Epoch: [0][  41/5005]	Time  0.517 ( 0.833)	Data  0.429 ( 0.615)	Loss 6.9880e+00 (7.5887e+00)	Acc@1   0.00 (  0.10)	Acc@5   0.00 (  0.34)
Epoch: [0][  51/5005]	Time  0.135 ( 0.799)	Data  0.023 ( 0.605)	Loss 6.9153e+00 (7.4855e+00)	Acc@1   0.00 (  0.09)	Acc@5   0.78 (  0.37)
Epoch: [0][  61/5005]	Time  0.135 ( 0.768)	Data  0.000 ( 0.588)	Loss 6.8805e+00 (7.4004e+00)	Acc@1   0.00 (  0.12)	Acc@5   0.00 (  0.46)
Epoch: [0][  71/5005]	Time  0.448 ( 0.747)	Data  0.360 ( 0.579)	Loss 6.9603e+00 (7.3481e+00)	Acc@1   0.00 (  0.11)	Acc@5   0.00 (  0.43)
Epoch: [0][  81/5005]	Time  0.135 ( 0.741)	Data  0.000 ( 0.580)	Loss 6.9295e+00 (7.3048e+00)	Acc@1   0.00 (  0.11)	Acc@5   0.00 (  0.41)
Epoch: [0][  91/5005]	Time  0.691 ( 0.728)	Data  0.604 ( 0.574)	Loss 6.8898e+00 (7.2611e+00)	Acc@1   0.00 (  0.11)	Acc@5   0.00 (  0.41)
Epoch: [0][ 101/5005]	Time  0.558 ( 0.703)	Data  0.470 ( 0.555)	Loss 6.9423e+00 (7.2268e+00)	Acc@1   0.00 (  0.12)	Acc@5   0.78 (  0.43)
Epoch: [0][ 111/5005]	Time  0.395 ( 0.708)	Data  0.307 ( 0.566)	Loss 6.9052e+00 (7.1984e+00)	Acc@1   0.00 (  0.13)	Acc@5   0.78 (  0.46)
Epoch: [0][ 121/5005]	Time  0.135 ( 0.694)	Data  0.000 ( 0.555)	Loss 6.8975e+00 (7.1749e+00)	Acc@1   0.00 (  0.14)	Acc@5   0.78 (  0.47)
Epoch: [0][ 131/5005]	Time  0.236 ( 0.691)	Data  0.149 ( 0.555)	Loss 6.9152e+00 (7.1542e+00)	Acc@1   0.00 (  0.15)	Acc@5   0.00 (  0.49)
Epoch: [0][ 141/5005]	Time  0.199 ( 0.692)	Data  0.112 ( 0.560)	Loss 6.9200e+00 (7.1367e+00)	Acc@1   0.00 (  0.14)	Acc@5   0.00 (  0.50)
Epoch: [0][ 151/5005]	Time  1.810 ( 0.704)	Data  1.723 ( 0.574)	Loss 6.8896e+00 (7.1220e+00)	Acc@1   0.78 (  0.13)	Acc@5   0.78 (  0.50)
Epoch: [0][ 161/5005]	Time  0.960 ( 0.701)	Data  0.872 ( 0.573)	Loss 6.9142e+00 (7.1079e+00)	Acc@1   0.00 (  0.14)	Acc@5   0.00 (  0.52)
Epoch: [0][ 171/5005]	Time  1.172 ( 0.702)	Data  1.085 ( 0.574)	Loss 6.9004e+00 (7.0962e+00)	Acc@1   0.00 (  0.13)	Acc@5   0.00 (  0.53)
Epoch: [0][ 181/5005]	Time  1.263 ( 0.700)	Data  1.175 ( 0.573)	Loss 6.8908e+00 (7.0856e+00)	Acc@1   0.00 (  0.13)	Acc@5   0.00 (  0.52)
Epoch: [0][ 191/5005]	Time  0.877 ( 0.701)	Data  0.789 ( 0.575)	Loss 6.8974e+00 (7.0763e+00)	Acc@1   0.00 (  0.12)	Acc@5   0.00 (  0.52)
Epoch: [0][ 201/5005]	Time  1.180 ( 0.708)	Data  1.087 ( 0.583)	Loss 6.8987e+00 (7.0671e+00)	Acc@1   0.00 (  0.13)	Acc@5   0.78 (  0.52)
Epoch: [0][ 211/5005]	Time  1.218 ( 0.702)	Data  1.131 ( 0.578)	Loss 6.8565e+00 (7.0587e+00)	Acc@1   0.78 (  0.13)	Acc@5   2.34 (  0.54)
Epoch: [0][ 221/5005]	Time  2.085 ( 0.702)	Data  1.988 ( 0.578)	Loss 6.9194e+00 (7.0518e+00)	Acc@1   0.78 (  0.14)	Acc@5   0.78 (  0.56)
Epoch: [0][ 231/5005]	Time  1.401 ( 0.701)	Data  1.313 ( 0.579)	Loss 6.8952e+00 (7.0447e+00)	Acc@1   0.00 (  0.15)	Acc@5   0.00 (  0.57)
Epoch: [0][ 241/5005]	Time  1.372 ( 0.708)	Data  1.284 ( 0.586)	Loss 6.8805e+00 (7.0387e+00)	Acc@1   0.00 (  0.14)	Acc@5   0.78 (  0.57)
Epoch: [0][ 251/5005]	Time  1.276 ( 0.711)	Data  1.188 ( 0.590)	Loss 6.8975e+00 (7.0328e+00)	Acc@1   0.00 (  0.14)	Acc@5   0.78 (  0.57)
Epoch: [0][ 261/5005]	Time  1.377 ( 0.709)	Data  1.289 ( 0.588)	Loss 6.9029e+00 (7.0275e+00)	Acc@1   0.00 (  0.13)	Acc@5   1.56 (  0.58)
Epoch: [0][ 271/5005]	Time  0.691 ( 0.711)	Data  0.604 ( 0.591)	Loss 6.9149e+00 (7.0226e+00)	Acc@1   0.78 (  0.14)	Acc@5   0.78 (  0.60)
Epoch: [0][ 281/5005]	Time  0.536 ( 0.711)	Data  0.448 ( 0.592)	Loss 6.8732e+00 (7.0181e+00)	Acc@1   0.00 (  0.14)	Acc@5   1.56 (  0.61)
Epoch: [0][ 291/5005]	Time  0.753 ( 0.712)	Data  0.665 ( 0.594)	Loss 6.9054e+00 (7.0136e+00)	Acc@1   0.00 (  0.14)	Acc@5   0.00 (  0.61)
Epoch: [0][ 301/5005]	Time  0.976 ( 0.708)	Data  0.888 ( 0.590)	Loss 6.9049e+00 (7.0100e+00)	Acc@1   0.00 (  0.13)	Acc@5   0.00 (  0.62)
Epoch: [0][ 311/5005]	Time  0.945 ( 0.714)	Data  0.858 ( 0.597)	Loss 6.9102e+00 (7.0060e+00)	Acc@1   0.00 (  0.13)	Acc@5   0.78 (  0.63)
Epoch: [0][ 321/5005]	Time  0.913 ( 0.715)	Data  0.825 ( 0.599)	Loss 6.8786e+00 (7.0025e+00)	Acc@1   0.00 (  0.13)	Acc@5   0.78 (  0.63)
Epoch: [0][ 331/5005]	Time  0.323 ( 0.716)	Data  0.236 ( 0.600)	Loss 6.8755e+00 (6.9985e+00)	Acc@1   0.00 (  0.13)	Acc@5   0.00 (  0.64)
Epoch: [0][ 341/5005]	Time  0.929 ( 0.718)	Data  0.842 ( 0.602)	Loss 6.8893e+00 (6.9956e+00)	Acc@1   0.00 (  0.14)	Acc@5   0.00 (  0.66)
Epoch: [0][ 351/5005]	Time  0.135 ( 0.716)	Data  0.000 ( 0.600)	Loss 6.8669e+00 (6.9924e+00)	Acc@1   0.00 (  0.14)	Acc@5   0.00 (  0.67)
Epoch: [0][ 361/5005]	Time  0.930 ( 0.715)	Data  0.487 ( 0.594)	Loss 6.8926e+00 (6.9896e+00)	Acc@1   0.00 (  0.13)	Acc@5   1.56 (  0.67)
Epoch: [0][ 371/5005]	Time  0.403 ( 0.712)	Data  0.249 ( 0.588)	Loss 6.8719e+00 (6.9865e+00)	Acc@1   0.00 (  0.14)	Acc@5   0.00 (  0.69)
Epoch: [0][ 381/5005]	Time  0.146 ( 0.710)	Data  0.000 ( 0.579)	Loss 6.8966e+00 (6.9840e+00)	Acc@1   0.00 (  0.15)	Acc@5   0.78 (  0.69)
Epoch: [0][ 391/5005]	Time  1.007 ( 0.713)	Data  0.919 ( 0.582)	Loss 6.8784e+00 (6.9813e+00)	Acc@1   0.00 (  0.16)	Acc@5   0.00 (  0.70)
Epoch: [0][ 401/5005]	Time  2.211 ( 0.714)	Data  2.035 ( 0.580)	Loss 6.8848e+00 (6.9789e+00)	Acc@1   0.00 (  0.16)	Acc@5   0.00 (  0.71)
Epoch: [0][ 411/5005]	Time  1.418 ( 0.716)	Data  0.000 ( 0.574)	Loss 6.8743e+00 (6.9760e+00)	Acc@1   0.00 (  0.16)	Acc@5   1.56 (  0.73)
Epoch: [0][ 421/5005]	Time  0.135 ( 0.719)	Data  0.000 ( 0.561)	Loss 6.8814e+00 (6.9729e+00)	Acc@1   0.00 (  0.16)	Acc@5   0.78 (  0.74)
Epoch: [0][ 431/5005]	Time  0.860 ( 0.720)	Data  0.000 ( 0.548)	Loss 6.8277e+00 (6.9699e+00)	Acc@1   1.56 (  0.17)	Acc@5   1.56 (  0.76)
Epoch: [0][ 441/5005]	Time  0.561 ( 0.719)	Data  0.000 ( 0.536)	Loss 6.8035e+00 (6.9672e+00)	Acc@1   0.78 (  0.17)	Acc@5   2.34 (  0.77)
Epoch: [0][ 451/5005]	Time  1.420 ( 0.720)	Data  0.000 ( 0.524)	Loss 6.8056e+00 (6.9645e+00)	Acc@1   0.00 (  0.17)	Acc@5   1.56 (  0.77)
Epoch: [0][ 461/5005]	Time  1.084 ( 0.720)	Data  0.000 ( 0.513)	Loss 6.8027e+00 (6.9615e+00)	Acc@1   0.00 (  0.17)	Acc@5   3.91 (  0.79)
Epoch: [0][ 471/5005]	Time  0.984 ( 0.721)	Data  0.000 ( 0.502)	Loss 6.8270e+00 (6.9584e+00)	Acc@1   0.00 (  0.17)	Acc@5   2.34 (  0.81)
Epoch: [0][ 481/5005]	Time  1.177 ( 0.723)	Data  0.211 ( 0.492)	Loss 6.7752e+00 (6.9553e+00)	Acc@1   1.56 (  0.17)	Acc@5   1.56 (  0.82)
Epoch: [0][ 491/5005]	Time  1.539 ( 0.726)	Data  0.000 ( 0.482)	Loss 6.8360e+00 (6.9528e+00)	Acc@1   0.00 (  0.17)	Acc@5   1.56 (  0.83)
Epoch: [0][ 501/5005]	Time  0.697 ( 0.723)	Data  0.000 ( 0.473)	Loss 6.8015e+00 (6.9498e+00)	Acc@1   0.00 (  0.17)	Acc@5   0.78 (  0.84)
Epoch: [0][ 511/5005]	Time  1.202 ( 0.725)	Data  0.000 ( 0.465)	Loss 6.7920e+00 (6.9469e+00)	Acc@1   0.00 (  0.17)	Acc@5   0.78 (  0.85)
Epoch: [0][ 521/5005]	Time  1.850 ( 0.728)	Data  1.241 ( 0.461)	Loss 6.7885e+00 (6.9436e+00)	Acc@1   0.00 (  0.18)	Acc@5   2.34 (  0.86)
Epoch: [0][ 531/5005]	Time  1.271 ( 0.731)	Data  0.496 ( 0.459)	Loss 6.8085e+00 (6.9405e+00)	Acc@1   0.00 (  0.18)	Acc@5   0.78 (  0.87)
Epoch: [0][ 541/5005]	Time  1.348 ( 0.732)	Data  0.000 ( 0.454)	Loss 6.7158e+00 (6.9370e+00)	Acc@1   0.78 (  0.18)	Acc@5   2.34 (  0.89)
Epoch: [0][ 551/5005]	Time  0.783 ( 0.727)	Data  0.268 ( 0.447)	Loss 6.7650e+00 (6.9341e+00)	Acc@1   0.00 (  0.19)	Acc@5   1.56 (  0.91)
Epoch: [0][ 561/5005]	Time  0.135 ( 0.725)	Data  0.000 ( 0.445)	Loss 6.7382e+00 (6.9303e+00)	Acc@1   0.00 (  0.19)	Acc@5   0.78 (  0.93)
Epoch: [0][ 571/5005]	Time  1.617 ( 0.729)	Data  0.497 ( 0.450)	Loss 6.6511e+00 (6.9265e+00)	Acc@1   0.00 (  0.19)	Acc@5   1.56 (  0.94)
Epoch: [0][ 581/5005]	Time  0.871 ( 0.727)	Data  0.036 ( 0.443)	Loss 6.6612e+00 (6.9224e+00)	Acc@1   0.78 (  0.20)	Acc@5   2.34 (  0.96)
Epoch: [0][ 591/5005]	Time  0.992 ( 0.726)	Data  0.904 ( 0.443)	Loss 6.6720e+00 (6.9185e+00)	Acc@1   0.00 (  0.20)	Acc@5   2.34 (  0.99)
Epoch: [0][ 601/5005]	Time  0.727 ( 0.724)	Data  0.639 ( 0.444)	Loss 6.6921e+00 (6.9152e+00)	Acc@1   0.00 (  0.21)	Acc@5   2.34 (  1.00)
Epoch: [0][ 611/5005]	Time  0.813 ( 0.724)	Data  0.725 ( 0.446)	Loss 6.7186e+00 (6.9120e+00)	Acc@1   2.34 (  0.21)	Acc@5   7.03 (  1.01)
Epoch: [0][ 621/5005]	Time  1.076 ( 0.721)	Data  0.988 ( 0.446)	Loss 6.6775e+00 (6.9086e+00)	Acc@1   0.00 (  0.21)	Acc@5   1.56 (  1.02)
Epoch: [0][ 631/5005]	Time  1.304 ( 0.720)	Data  1.216 ( 0.447)	Loss 6.7603e+00 (6.9052e+00)	Acc@1   0.00 (  0.21)	Acc@5   1.56 (  1.03)
Epoch: [0][ 641/5005]	Time  1.146 ( 0.718)	Data  1.059 ( 0.446)	Loss 6.6004e+00 (6.9011e+00)	Acc@1   2.34 (  0.22)	Acc@5   6.25 (  1.05)
Epoch: [0][ 651/5005]	Time  1.091 ( 0.718)	Data  1.004 ( 0.449)	Loss 6.6257e+00 (6.8973e+00)	Acc@1   0.00 (  0.22)	Acc@5   2.34 (  1.07)
Epoch: [0][ 661/5005]	Time  1.201 ( 0.716)	Data  1.114 ( 0.449)	Loss 6.6410e+00 (6.8936e+00)	Acc@1   0.00 (  0.23)	Acc@5   3.12 (  1.09)
Epoch: [0][ 671/5005]	Time  1.595 ( 0.719)	Data  1.508 ( 0.455)	Loss 6.5760e+00 (6.8897e+00)	Acc@1   0.78 (  0.24)	Acc@5   3.12 (  1.11)
Epoch: [0][ 681/5005]	Time  0.706 ( 0.716)	Data  0.618 ( 0.454)	Loss 6.7077e+00 (6.8863e+00)	Acc@1   0.00 (  0.24)	Acc@5   0.00 (  1.13)
Epoch: [0][ 691/5005]	Time  0.933 ( 0.714)	Data  0.845 ( 0.453)	Loss 6.6499e+00 (6.8827e+00)	Acc@1   0.00 (  0.24)	Acc@5   1.56 (  1.14)
Epoch: [0][ 701/5005]	Time  1.480 ( 0.714)	Data  1.392 ( 0.454)	Loss 6.6359e+00 (6.8786e+00)	Acc@1   0.00 (  0.25)	Acc@5   3.12 (  1.16)
Epoch: [0][ 711/5005]	Time  1.129 ( 0.712)	Data  1.042 ( 0.455)	Loss 6.6502e+00 (6.8750e+00)	Acc@1   0.00 (  0.25)	Acc@5   0.00 (  1.17)
Epoch: [0][ 721/5005]	Time  1.845 ( 0.713)	Data  1.757 ( 0.458)	Loss 6.6455e+00 (6.8710e+00)	Acc@1   0.78 (  0.26)	Acc@5   3.12 (  1.20)
Epoch: [0][ 731/5005]	Time  0.895 ( 0.715)	Data  0.800 ( 0.462)	Loss 6.6502e+00 (6.8668e+00)	Acc@1   0.00 (  0.26)	Acc@5   1.56 (  1.22)
Epoch: [0][ 741/5005]	Time  1.434 ( 0.715)	Data  1.346 ( 0.464)	Loss 6.5528e+00 (6.8625e+00)	Acc@1   0.78 (  0.27)	Acc@5   2.34 (  1.24)
Epoch: [0][ 751/5005]	Time  2.389 ( 0.716)	Data  2.292 ( 0.467)	Loss 6.4081e+00 (6.8584e+00)	Acc@1   2.34 (  0.28)	Acc@5   3.12 (  1.27)
Epoch: [0][ 761/5005]	Time  0.745 ( 0.717)	Data  0.657 ( 0.470)	Loss 6.5765e+00 (6.8549e+00)	Acc@1   0.78 (  0.28)	Acc@5   2.34 (  1.28)
Epoch: [0][ 771/5005]	Time  1.769 ( 0.720)	Data  1.681 ( 0.474)	Loss 6.5324e+00 (6.8505e+00)	Acc@1   0.00 (  0.29)	Acc@5   3.12 (  1.32)
Epoch: [0][ 781/5005]	Time  1.015 ( 0.720)	Data  0.927 ( 0.477)	Loss 6.5121e+00 (6.8464e+00)	Acc@1   1.56 (  0.30)	Acc@5   7.03 (  1.35)
Epoch: [0][ 791/5005]	Time  0.857 ( 0.721)	Data  0.769 ( 0.479)	Loss 6.4411e+00 (6.8425e+00)	Acc@1   0.78 (  0.30)	Acc@5   1.56 (  1.37)
Epoch: [0][ 801/5005]	Time  1.070 ( 0.722)	Data  0.982 ( 0.481)	Loss 6.4362e+00 (6.8386e+00)	Acc@1   2.34 (  0.31)	Acc@5   4.69 (  1.38)
Epoch: [0][ 811/5005]	Time  1.644 ( 0.722)	Data  1.240 ( 0.483)	Loss 6.5411e+00 (6.8340e+00)	Acc@1   0.78 (  0.31)	Acc@5   3.12 (  1.40)
Epoch: [0][ 821/5005]	Time  1.303 ( 0.721)	Data  0.000 ( 0.478)	Loss 6.5065e+00 (6.8300e+00)	Acc@1   0.78 (  0.31)	Acc@5   1.56 (  1.42)
Epoch: [0][ 831/5005]	Time  1.461 ( 0.723)	Data  1.373 ( 0.475)	Loss 6.5187e+00 (6.8261e+00)	Acc@1   0.78 (  0.32)	Acc@5   1.56 (  1.45)
Epoch: [0][ 841/5005]	Time  2.087 ( 0.724)	Data  1.990 ( 0.478)	Loss 6.5785e+00 (6.8224e+00)	Acc@1   1.56 (  0.33)	Acc@5   2.34 (  1.48)
Epoch: [0][ 851/5005]	Time  0.816 ( 0.724)	Data  0.728 ( 0.480)	Loss 6.5321e+00 (6.8182e+00)	Acc@1   0.78 (  0.34)	Acc@5   2.34 (  1.50)
Epoch: [0][ 861/5005]	Time  1.262 ( 0.722)	Data  1.175 ( 0.479)	Loss 6.3828e+00 (6.8137e+00)	Acc@1   1.56 (  0.35)	Acc@5   5.47 (  1.53)
Epoch: [0][ 871/5005]	Time  1.052 ( 0.722)	Data  0.965 ( 0.479)	Loss 6.4884e+00 (6.8098e+00)	Acc@1   0.00 (  0.35)	Acc@5   2.34 (  1.55)
Epoch: [0][ 881/5005]	Time  1.351 ( 0.723)	Data  1.264 ( 0.479)	Loss 6.4368e+00 (6.8054e+00)	Acc@1   1.56 (  0.36)	Acc@5   7.03 (  1.58)
Epoch: [0][ 891/5005]	Time  0.532 ( 0.725)	Data  0.444 ( 0.475)	Loss 6.5033e+00 (6.8016e+00)	Acc@1   1.56 (  0.37)	Acc@5   3.12 (  1.60)
Epoch: [0][ 901/5005]	Time  2.025 ( 0.726)	Data  1.929 ( 0.477)	Loss 6.4764e+00 (6.7974e+00)	Acc@1   0.00 (  0.37)	Acc@5   3.12 (  1.64)
Epoch: [0][ 911/5005]	Time  0.814 ( 0.725)	Data  0.726 ( 0.478)	Loss 6.4929e+00 (6.7934e+00)	Acc@1   0.78 (  0.38)	Acc@5   3.91 (  1.66)
Epoch: [0][ 921/5005]	Time  1.435 ( 0.725)	Data  1.348 ( 0.479)	Loss 6.3238e+00 (6.7889e+00)	Acc@1   1.56 (  0.39)	Acc@5   5.47 (  1.70)
Epoch: [0][ 931/5005]	Time  1.022 ( 0.726)	Data  0.935 ( 0.481)	Loss 6.4297e+00 (6.7850e+00)	Acc@1   1.56 (  0.39)	Acc@5   6.25 (  1.72)
Epoch: [0][ 941/5005]	Time  0.135 ( 0.725)	Data  0.000 ( 0.482)	Loss 6.3652e+00 (6.7805e+00)	Acc@1   0.78 (  0.40)	Acc@5   3.12 (  1.74)
Epoch: [0][ 951/5005]	Time  0.257 ( 0.725)	Data  0.169 ( 0.483)	Loss 6.3536e+00 (6.7757e+00)	Acc@1   0.00 (  0.41)	Acc@5   3.91 (  1.77)
Epoch: [0][ 961/5005]	Time  0.135 ( 0.725)	Data  0.000 ( 0.484)	Loss 6.2968e+00 (6.7711e+00)	Acc@1   1.56 (  0.41)	Acc@5   3.91 (  1.79)
Epoch: [0][ 971/5005]	Time  0.492 ( 0.725)	Data  0.000 ( 0.480)	Loss 6.1805e+00 (6.7664e+00)	Acc@1   0.78 (  0.41)	Acc@5   6.25 (  1.82)
Epoch: [0][ 981/5005]	Time  0.136 ( 0.724)	Data  0.000 ( 0.481)	Loss 6.3378e+00 (6.7622e+00)	Acc@1   0.00 (  0.42)	Acc@5   1.56 (  1.84)
Epoch: [0][ 991/5005]	Time  0.135 ( 0.725)	Data  0.000 ( 0.482)	Loss 6.3589e+00 (6.7580e+00)	Acc@1   0.00 (  0.42)	Acc@5   3.12 (  1.87)
Epoch: [0][1001/5005]	Time  0.600 ( 0.724)	Data  0.351 ( 0.481)	Loss 6.5086e+00 (6.7539e+00)	Acc@1   0.00 (  0.43)	Acc@5   0.78 (  1.90)
Epoch: [0][1011/5005]	Time  0.135 ( 0.724)	Data  0.000 ( 0.477)	Loss 6.3330e+00 (6.7498e+00)	Acc@1   0.78 (  0.44)	Acc@5   5.47 (  1.92)
Epoch: [0][1021/5005]	Time  0.146 ( 0.725)	Data  0.000 ( 0.472)	Loss 6.3449e+00 (6.7452e+00)	Acc@1   0.00 (  0.45)	Acc@5   4.69 (  1.96)
Epoch: [0][1031/5005]	Time  0.136 ( 0.729)	Data  0.000 ( 0.468)	Loss 6.3985e+00 (6.7413e+00)	Acc@1   0.00 (  0.45)	Acc@5   2.34 (  1.98)
Epoch: [0][1041/5005]	Time  0.139 ( 0.732)	Data  0.000 ( 0.466)	Loss 6.2999e+00 (6.7370e+00)	Acc@1   0.78 (  0.46)	Acc@5   7.03 (  2.02)
Epoch: [0][1051/5005]	Time  0.135 ( 0.733)	Data  0.000 ( 0.467)	Loss 6.2252e+00 (6.7324e+00)	Acc@1   1.56 (  0.47)	Acc@5   7.81 (  2.05)
Epoch: [0][1061/5005]	Time  0.135 ( 0.734)	Data  0.000 ( 0.469)	Loss 6.2082e+00 (6.7276e+00)	Acc@1   2.34 (  0.48)	Acc@5   9.38 (  2.08)
Epoch: [0][1071/5005]	Time  0.135 ( 0.733)	Data  0.000 ( 0.470)	Loss 6.1386e+00 (6.7232e+00)	Acc@1   1.56 (  0.49)	Acc@5   4.69 (  2.10)
Epoch: [0][1081/5005]	Time  0.135 ( 0.735)	Data  0.000 ( 0.473)	Loss 6.1158e+00 (6.7190e+00)	Acc@1   2.34 (  0.50)	Acc@5   8.59 (  2.14)
Epoch: [0][1091/5005]	Time  0.135 ( 0.734)	Data  0.000 ( 0.474)	Loss 6.1776e+00 (6.7148e+00)	Acc@1   3.91 (  0.51)	Acc@5   8.59 (  2.17)
Epoch: [0][1101/5005]	Time  0.135 ( 0.734)	Data  0.000 ( 0.475)	Loss 6.2949e+00 (6.7104e+00)	Acc@1   0.78 (  0.52)	Acc@5   5.47 (  2.20)
Epoch: [0][1111/5005]	Time  0.135 ( 0.733)	Data  0.000 ( 0.475)	Loss 6.2372e+00 (6.7067e+00)	Acc@1   0.00 (  0.52)	Acc@5   3.12 (  2.22)
Epoch: [0][1121/5005]	Time  0.655 ( 0.732)	Data  0.568 ( 0.476)	Loss 6.3615e+00 (6.7027e+00)	Acc@1   1.56 (  0.53)	Acc@5   4.69 (  2.26)
Epoch: [0][1131/5005]	Time  0.135 ( 0.731)	Data  0.000 ( 0.476)	Loss 6.2775e+00 (6.6990e+00)	Acc@1   0.78 (  0.54)	Acc@5   4.69 (  2.28)
Epoch: [0][1141/5005]	Time  1.477 ( 0.731)	Data  1.389 ( 0.478)	Loss 6.2212e+00 (6.6946e+00)	Acc@1   3.12 (  0.55)	Acc@5   5.47 (  2.31)
Epoch: [0][1151/5005]	Time  1.207 ( 0.731)	Data  1.120 ( 0.477)	Loss 6.1451e+00 (6.6899e+00)	Acc@1   0.78 (  0.56)	Acc@5   6.25 (  2.35)
Epoch: [0][1161/5005]	Time  0.135 ( 0.731)	Data  0.028 ( 0.479)	Loss 6.1058e+00 (6.6857e+00)	Acc@1   2.34 (  0.56)	Acc@5   3.91 (  2.37)
Epoch: [0][1171/5005]	Time  0.135 ( 0.731)	Data  0.000 ( 0.478)	Loss 6.2278e+00 (6.6808e+00)	Acc@1   0.78 (  0.58)	Acc@5   9.38 (  2.41)
Epoch: [0][ 591/5005]	Time  0.676 ( 0.726)	Data  0.577 ( 0.393)	Loss 6.7529e+00 (6.9312e+00)	Acc@1   0.00 (  0.25)	Acc@5   1.56 (  1.11)
Epoch: [0][ 601/5005]	Time  0.143 ( 0.723)	Data  0.000 ( 0.391)	Loss 6.7498e+00 (6.9280e+00)	Acc@1   0.00 (  0.26)	Acc@5   0.78 (  1.13)
Epoch: [0][ 611/5005]	Time  0.144 ( 0.722)	Data  0.000 ( 0.388)	Loss 6.6909e+00 (6.9242e+00)	Acc@1   0.78 (  0.26)	Acc@5   1.56 (  1.14)
Epoch: [0][ 621/5005]	Time  0.144 ( 0.720)	Data  0.000 ( 0.389)	Loss 6.7502e+00 (6.9206e+00)	Acc@1   0.00 (  0.26)	Acc@5   1.56 (  1.16)
Epoch: [0][ 631/5005]	Time  0.144 ( 0.718)	Data  0.000 ( 0.389)	Loss 6.6647e+00 (6.9165e+00)	Acc@1   0.00 (  0.26)	Acc@5   0.78 (  1.17)
Epoch: [0][ 641/5005]	Time  0.144 ( 0.716)	Data  0.000 ( 0.391)	Loss 6.7887e+00 (6.9132e+00)	Acc@1   0.00 (  0.26)	Acc@5   0.00 (  1.17)
Epoch: [0][ 651/5005]	Time  0.144 ( 0.716)	Data  0.000 ( 0.392)	Loss 6.6722e+00 (6.9096e+00)	Acc@1   0.00 (  0.26)	Acc@5   0.78 (  1.18)
Epoch: [0][ 661/5005]	Time  0.144 ( 0.714)	Data  0.000 ( 0.389)	Loss 6.6788e+00 (6.9058e+00)	Acc@1   0.00 (  0.26)	Acc@5   0.00 (  1.20)
Epoch: [0][ 671/5005]	Time  0.145 ( 0.717)	Data  0.000 ( 0.389)	Loss 6.5625e+00 (6.9015e+00)	Acc@1   0.00 (  0.27)	Acc@5   3.12 (  1.22)
Epoch: [0][ 681/5005]	Time  0.144 ( 0.715)	Data  0.000 ( 0.387)	Loss 6.5865e+00 (6.8971e+00)	Acc@1   0.78 (  0.28)	Acc@5   1.56 (  1.25)
Epoch: [0][ 691/5005]	Time  0.144 ( 0.713)	Data  0.000 ( 0.388)	Loss 6.6378e+00 (6.8930e+00)	Acc@1   0.00 (  0.28)	Acc@5   0.78 (  1.27)
Epoch: [0][ 701/5005]	Time  0.146 ( 0.712)	Data  0.000 ( 0.387)	Loss 6.6055e+00 (6.8892e+00)	Acc@1   0.78 (  0.28)	Acc@5   3.91 (  1.28)
Epoch: [0][ 711/5005]	Time  0.144 ( 0.711)	Data  0.000 ( 0.385)	Loss 6.6266e+00 (6.8849e+00)	Acc@1   0.78 (  0.29)	Acc@5   2.34 (  1.31)
Epoch: [0][ 721/5005]	Time  0.144 ( 0.711)	Data  0.000 ( 0.382)	Loss 6.8029e+00 (6.8811e+00)	Acc@1   0.78 (  0.30)	Acc@5   3.12 (  1.33)
Epoch: [0][ 731/5005]	Time  0.144 ( 0.714)	Data  0.000 ( 0.379)	Loss 6.4798e+00 (6.8766e+00)	Acc@1   3.12 (  0.30)	Acc@5   5.47 (  1.36)
Epoch: [0][ 741/5005]	Time  0.143 ( 0.713)	Data  0.000 ( 0.375)	Loss 6.4924e+00 (6.8725e+00)	Acc@1   0.78 (  0.31)	Acc@5   3.12 (  1.38)
Epoch: [0][ 751/5005]	Time  0.143 ( 0.713)	Data  0.000 ( 0.372)	Loss 6.6084e+00 (6.8686e+00)	Acc@1   0.78 (  0.32)	Acc@5   2.34 (  1.39)
Epoch: [0][ 761/5005]	Time  0.144 ( 0.716)	Data  0.000 ( 0.371)	Loss 6.5392e+00 (6.8638e+00)	Acc@1   0.00 (  0.32)	Acc@5   1.56 (  1.41)
Epoch: [0][ 771/5005]	Time  0.144 ( 0.718)	Data  0.000 ( 0.367)	Loss 6.5163e+00 (6.8591e+00)	Acc@1   1.56 (  0.34)	Acc@5   3.91 (  1.46)
Epoch: [0][ 781/5005]	Time  0.150 ( 0.719)	Data  0.000 ( 0.365)	Loss 6.5743e+00 (6.8552e+00)	Acc@1   1.56 (  0.35)	Acc@5   3.12 (  1.49)
Epoch: [0][ 791/5005]	Time  0.150 ( 0.720)	Data  0.000 ( 0.362)	Loss 6.4908e+00 (6.8509e+00)	Acc@1   3.12 (  0.36)	Acc@5   7.03 (  1.52)
Epoch: [0][ 801/5005]	Time  0.143 ( 0.721)	Data  0.000 ( 0.358)	Loss 6.5836e+00 (6.8466e+00)	Acc@1   0.00 (  0.36)	Acc@5   3.12 (  1.55)
Epoch: [0][ 811/5005]	Time  1.782 ( 0.722)	Data  1.694 ( 0.359)	Loss 6.5791e+00 (6.8428e+00)	Acc@1   0.00 (  0.37)	Acc@5   2.34 (  1.57)
Epoch: [0][ 821/5005]	Time  1.306 ( 0.721)	Data  1.218 ( 0.362)	Loss 6.3734e+00 (6.8393e+00)	Acc@1   1.56 (  0.37)	Acc@5   6.25 (  1.59)
Epoch: [0][ 831/5005]	Time  0.951 ( 0.722)	Data  0.852 ( 0.365)	Loss 6.3677e+00 (6.8347e+00)	Acc@1   3.12 (  0.39)	Acc@5   5.47 (  1.62)
Epoch: [0][ 841/5005]	Time  0.144 ( 0.722)	Data  0.000 ( 0.363)	Loss 6.5009e+00 (6.8304e+00)	Acc@1   0.00 (  0.39)	Acc@5   3.12 (  1.63)
Epoch: [0][ 851/5005]	Time  0.144 ( 0.723)	Data  0.000 ( 0.364)	Loss 6.4760e+00 (6.8265e+00)	Acc@1   1.56 (  0.39)	Acc@5   1.56 (  1.65)
Epoch: [0][ 861/5005]	Time  0.143 ( 0.721)	Data  0.000 ( 0.365)	Loss 6.3350e+00 (6.8220e+00)	Acc@1   1.56 (  0.39)	Acc@5   7.81 (  1.67)
Epoch: [0][ 871/5005]	Time  0.144 ( 0.721)	Data  0.000 ( 0.368)	Loss 6.5264e+00 (6.8176e+00)	Acc@1   0.78 (  0.40)	Acc@5   2.34 (  1.70)
Epoch: [0][ 881/5005]	Time  0.143 ( 0.722)	Data  0.000 ( 0.371)	Loss 6.4146e+00 (6.8131e+00)	Acc@1   2.34 (  0.41)	Acc@5   6.25 (  1.73)
Epoch: [0][ 891/5005]	Time  0.156 ( 0.725)	Data  0.000 ( 0.377)	Loss 6.5183e+00 (6.8090e+00)	Acc@1   0.00 (  0.41)	Acc@5   1.56 (  1.75)
Epoch: [0][ 901/5005]	Time  0.345 ( 0.724)	Data  0.246 ( 0.377)	Loss 6.3127e+00 (6.8048e+00)	Acc@1   0.00 (  0.41)	Acc@5   3.12 (  1.78)
Epoch: [0][ 911/5005]	Time  0.419 ( 0.724)	Data  0.098 ( 0.375)	Loss 6.3806e+00 (6.8008e+00)	Acc@1   2.34 (  0.42)	Acc@5   7.81 (  1.80)
Epoch: [0][ 921/5005]	Time  1.522 ( 0.725)	Data  1.423 ( 0.377)	Loss 6.3229e+00 (6.7965e+00)	Acc@1   1.56 (  0.42)	Acc@5   3.12 (  1.83)
Epoch: [0][ 931/5005]	Time  0.144 ( 0.725)	Data  0.011 ( 0.377)	Loss 6.4385e+00 (6.7925e+00)	Acc@1   1.56 (  0.43)	Acc@5   5.47 (  1.85)
Epoch: [0][ 941/5005]	Time  1.048 ( 0.725)	Data  0.240 ( 0.378)	Loss 6.3660e+00 (6.7885e+00)	Acc@1   2.34 (  0.44)	Acc@5   3.91 (  1.88)
Epoch: [0][ 951/5005]	Time  0.227 ( 0.725)	Data  0.128 ( 0.380)	Loss 6.4116e+00 (6.7840e+00)	Acc@1   2.34 (  0.44)	Acc@5   4.69 (  1.90)
Epoch: [0][ 961/5005]	Time  0.135 ( 0.725)	Data  0.000 ( 0.382)	Loss 6.3129e+00 (6.7790e+00)	Acc@1   0.00 (  0.45)	Acc@5   5.47 (  1.94)
Epoch: [0][ 971/5005]	Time  0.492 ( 0.725)	Data  0.405 ( 0.385)	Loss 6.1801e+00 (6.7743e+00)	Acc@1   0.00 (  0.46)	Acc@5   7.03 (  1.97)
Epoch: [0][ 981/5005]	Time  0.598 ( 0.724)	Data  0.333 ( 0.386)	Loss 6.3858e+00 (6.7703e+00)	Acc@1   0.00 (  0.47)	Acc@5   3.91 (  1.99)
Epoch: [0][ 991/5005]	Time  1.188 ( 0.725)	Data  0.466 ( 0.384)	Loss 6.2857e+00 (6.7664e+00)	Acc@1   1.56 (  0.47)	Acc@5   3.91 (  2.01)
Epoch: [0][1001/5005]	Time  0.600 ( 0.724)	Data  0.512 ( 0.387)	Loss 6.5091e+00 (6.7620e+00)	Acc@1   0.00 (  0.48)	Acc@5   5.47 (  2.03)
Epoch: [0][1011/5005]	Time  0.135 ( 0.724)	Data  0.000 ( 0.389)	Loss 6.3984e+00 (6.7578e+00)	Acc@1   2.34 (  0.48)	Acc@5   7.81 (  2.06)
Epoch: [0][1021/5005]	Time  0.142 ( 0.725)	Data  0.000 ( 0.392)	Loss 6.4676e+00 (6.7535e+00)	Acc@1   1.56 (  0.49)	Acc@5   3.91 (  2.10)
Epoch: [0][1031/5005]	Time  0.136 ( 0.729)	Data  0.000 ( 0.398)	Loss 6.1502e+00 (6.7488e+00)	Acc@1   1.56 (  0.50)	Acc@5   5.47 (  2.13)
Epoch: [0][1041/5005]	Time  0.136 ( 0.732)	Data  0.000 ( 0.403)	Loss 6.2349e+00 (6.7446e+00)	Acc@1   0.00 (  0.51)	Acc@5   5.47 (  2.16)
Epoch: [0][1051/5005]	Time  0.740 ( 0.733)	Data  0.097 ( 0.404)	Loss 6.3386e+00 (6.7403e+00)	Acc@1   1.56 (  0.52)	Acc@5   3.91 (  2.18)
Epoch: [0][1061/5005]	Time  1.570 ( 0.734)	Data  0.000 ( 0.403)	Loss 6.2250e+00 (6.7362e+00)	Acc@1   1.56 (  0.52)	Acc@5   7.81 (  2.21)
Epoch: [0][1071/5005]	Time  1.348 ( 0.733)	Data  0.000 ( 0.399)	Loss 6.2618e+00 (6.7320e+00)	Acc@1   0.78 (  0.53)	Acc@5   3.12 (  2.23)
Epoch: [0][1081/5005]	Time  1.112 ( 0.735)	Data  0.000 ( 0.395)	Loss 6.1958e+00 (6.7273e+00)	Acc@1   0.78 (  0.54)	Acc@5   6.25 (  2.26)
Epoch: [0][1091/5005]	Time  1.336 ( 0.734)	Data  0.000 ( 0.392)	Loss 6.0708e+00 (6.7229e+00)	Acc@1   0.78 (  0.54)	Acc@5   6.25 (  2.29)
Epoch: [0][1101/5005]	Time  1.365 ( 0.734)	Data  0.489 ( 0.389)	Loss 6.1897e+00 (6.7189e+00)	Acc@1   2.34 (  0.55)	Acc@5   8.59 (  2.31)
Epoch: [0][1111/5005]	Time  1.160 ( 0.733)	Data  0.303 ( 0.386)	Loss 6.1683e+00 (6.7145e+00)	Acc@1   3.12 (  0.56)	Acc@5   8.59 (  2.35)
Epoch: [0][1121/5005]	Time  0.504 ( 0.732)	Data  0.029 ( 0.383)	Loss 6.3638e+00 (6.7101e+00)	Acc@1   1.56 (  0.57)	Acc@5   7.03 (  2.38)
Epoch: [0][1131/5005]	Time  0.693 ( 0.731)	Data  0.000 ( 0.383)	Loss 6.2847e+00 (6.7058e+00)	Acc@1   2.34 (  0.58)	Acc@5   5.47 (  2.42)
Epoch: [0][1141/5005]	Time  0.263 ( 0.730)	Data  0.000 ( 0.382)	Loss 6.1478e+00 (6.7013e+00)	Acc@1   2.34 (  0.59)	Acc@5   8.59 (  2.45)
Epoch: [0][1151/5005]	Time  0.144 ( 0.730)	Data  0.000 ( 0.385)	Loss 6.0493e+00 (6.6968e+00)	Acc@1   0.78 (  0.60)	Acc@5   4.69 (  2.47)
Epoch: [0][1161/5005]	Time  0.725 ( 0.731)	Data  0.000 ( 0.384)	Loss 5.9889e+00 (6.6925e+00)	Acc@1   3.91 (  0.61)	Acc@5   6.25 (  2.49)
Epoch: [0][1171/5005]	Time  0.135 ( 0.731)	Data  0.000 ( 0.385)	Loss 6.2172e+00 (6.6883e+00)	Acc@1   0.78 (  0.62)	Acc@5   7.03 (  2.52)
